#
# A fatal error has been detected by the Java Runtime Environment:
#
#  SIGSEGV (0xb) at pc=0x00007fd42d0698ba, pid=23619, tid=0x00007fd3fe6e0700
#
# JRE version: Java(TM) SE Runtime Environment (8.0_191-b12) (build 1.8.0_191-b12)
# Java VM: Java HotSpot(TM) 64-Bit Server VM (25.191-b12 mixed mode linux-amd64 compressed oops)
# Problematic frame:
# v  ~BufferBlob::jni_fast_GetLongField
#
# Failed to write core dump. Core dumps have been disabled. To enable core dumping, try "ulimit -c unlimited" before starting Java again
#
# If you would like to submit a bug report, please visit:
#   http://bugreport.java.com/bugreport/crash.jsp
# The crash happened outside the Java Virtual Machine in native code.
# See problematic frame for where to report the bug.
#

---------------  T H R E A D  ---------------

Current thread (0x00007fd43c318000):  JavaThread "AWT-XAWT" daemon [_thread_in_native, id=23632, stack(0x00007fd3fe5e0000,0x00007fd3fe6e1000)]

siginfo: si_signo: 11 (SIGSEGV), si_code: 1 (SEGV_MAPERR), si_addr: 0x0000000000000000

Registers:
RAX=0x00007fd4432c13c0, RBX=0x00007fd43c3181f8, RCX=0x0000000000000001, RDX=0x0000000000000042
RSP=0x00007fd3fe6df818, RBP=0x00007fd3fe6df840, RSI=0x0000000000000000, RDI=0x00007fd43c3181f8
R8 =0x00007fd3ffd249b0, R9 =0x0000000000000000, R10=0x000000000000065e, R11=0x00007fd42d355a18
R12=0x0000000000000000, R13=0x0000000000000000, R14=0x00007fd424736b00, R15=0x00007fd43c318000
RIP=0x00007fd42d0698ba, EFLAGS=0x0000000000010246, CSGSFS=0x002b000000000033, ERR=0x0000000000000004
  TRAPNO=0x000000000000000e

Top of Stack: (sp=0x00007fd3fe6df818)
0x00007fd3fe6df818:   00007fd424514b84 00007fd426c3f480
0x00007fd3fe6df828:   0000000000000000 00007fd3fe6df8f0
0x00007fd3fe6df838:   00007fd3fe6df8c0 00007fd3e401a980
0x00007fd3fe6df848:   00007fd3ffd2cb1d 00007fd426c3f480
0x00007fd3fe6df858:   00007fd3fe6df880 0000000000000000
0x00007fd3fe6df868:   00007fd3ffd249d3 00007fd3fe6df8f0
0x00007fd3fe6df878:   00007fd42450cfef 00007fd3fe6df8d0
0x00007fd3fe6df888:   00007fd42d355ab6 0000000000000000
0x00007fd3fe6df898:   00007fd42d206bf6 00007fd3fe6df8f0
0x00007fd3fe6df8a8:   00007fd42d15b8ac 000000070d815100
0x00007fd3fe6df8b8:   00007fd42df3ede0 000000070d990060
0x00007fd3fe6df8c8:   0000000000000011 00007fd3fe6df950
0x00007fd3fe6df8d8:   00007fd42d007a90 00007fd3fe6df950
0x00007fd3fe6df8e8:   00007fd42d007a90 0000000000000000
0x00007fd3fe6df8f8:   00007fd42d007dd0 00007fd3ec001090
0x00007fd3fe6df908:   000000070d815100 00007fd3fe6df910
0x00007fd3fe6df918:   00007fd426d323cc 00007fd3fe6df998
0x00007fd3fe6df928:   00007fd426d3b828 0000000000000000
0x00007fd3fe6df938:   00007fd426d32508 00007fd3fe6df8f0
0x00007fd3fe6df948:   00007fd3fe6df990 00007fd3fe6df9e0
0x00007fd3fe6df958:   00007fd42d0082bd 0000000000000000
0x00007fd3fe6df968:   0000000000000000 0000000000000000
0x00007fd3fe6df978:   0000000000000000 0000000000000000
0x00007fd3fe6df988:   000000070d815100 0000000000000000
0x00007fd3fe6df998:   000000070d464218 00007fd3fe6df9a0
0x00007fd3fe6df9a8:   00007fd426d3220d 00007fd3fe6df9f0
0x00007fd3fe6df9b8:   00007fd426d3b828 0000000000000000
0x00007fd3fe6df9c8:   00007fd426d32218 00007fd3fe6df990
0x00007fd3fe6df9d8:   00007fd3fe6df9f0 00007fd3fe6dfa38
0x00007fd3fe6df9e8:   00007fd42d008302 000000070d464218
0x00007fd3fe6df9f8:   00007fd3fe6df9f8 00007fd4268266cb
0x00007fd3fe6dfa08:   00007fd3fe6dfa48 00007fd4268ae3e8 

Instructions: (pc=0x00007fd42d0698ba)
0x00007fd42d06989a:   00 00 00 00 00 00 44 8b 15 55 76 29 16 4c 8b ce
0x00007fd42d0698aa:   41 f6 c2 01 0f 85 2e 00 00 00 4d 33 ca 4d 33 ca
0x00007fd42d0698ba:   4d 8b 09 4c 8b da 49 c1 eb 02 4b 8b 04 19 49 bb
0x00007fd42d0698ca:   fc 0e 30 43 d4 7f 00 00 4c 33 d8 4c 33 d8 45 3b 

Register to memory mapping:

RAX=0x00007fd4432c13c0: <offset 0xf883c0> in /usr/lib/jvm/java-8-oracle/jre/lib/amd64/server/libjvm.so at 0x00007fd442339000
RBX=0x00007fd43c3181f8 is an unknown value
RCX=0x0000000000000001 is an unknown value
RDX=0x0000000000000042 is an unknown value
RSP=0x00007fd3fe6df818 is pointing into the stack for thread: 0x00007fd43c318000
RBP=0x00007fd3fe6df840 is pointing into the stack for thread: 0x00007fd43c318000
RSI=0x0000000000000000 is an unknown value
RDI=0x00007fd43c3181f8 is an unknown value
R8 =0x00007fd3ffd249b0: <offset 0x5c9b0> in /usr/lib/x86_64-linux-gnu/libX11.so.6 at 0x00007fd3ffcc8000
R9 =0x0000000000000000 is an unknown value
R10=0x000000000000065e is an unknown value
R11=0x00007fd42d355a18 is at entry_point+24 in (nmethod*)0x00007fd42d355890
R12=0x0000000000000000 is an unknown value
R13=0x0000000000000000 is an unknown value
R14=0x00007fd424736b00: <offset 0x256b00> in /usr/lib/jvm/java-8-oracle/jre/lib/amd64/libawt_xawt.so at 0x00007fd4244e0000
R15=0x00007fd43c318000 is a thread


Stack: [0x00007fd3fe5e0000,0x00007fd3fe6e1000],  sp=0x00007fd3fe6df818,  free space=1022k
Native frames: (J=compiled Java code, j=interpreted, Vv=VM code, C=native code)
v  ~BufferBlob::jni_fast_GetLongField
C  [libX11.so.6+0x64b1d]  _XimServerDestroy+0x3d

Java frames: (J=compiled Java code, j=interpreted, Vv=VM code)
J 1009  sun.awt.X11.XlibWrapper.XFilterEvent(JJ)Z (0 bytes) @ 0x00007fd42d355a44 [0x00007fd42d355a00+0x44]
j  sun.awt.X11.XToolkit.run(Z)V+300
j  sun.awt.X11.XToolkit.run()V+5
j  java.lang.Thread.run()V+11
v  ~StubRoutines::call_stub

---------------  P R O C E S S  ---------------

Java Threads: ( => current thread )
  0x00007fd3e4025800 JavaThread "TimerQueue" daemon [_thread_blocked, id=23640, stack(0x00007fd3fd841000,0x00007fd3fd942000)]
  0x00007fd43c00b000 JavaThread "DestroyJavaVM" [_thread_blocked, id=23620, stack(0x00007fd443e37000,0x00007fd443f37000)]
  0x00007fd43c3eb800 JavaThread "AWT-EventQueue-0" [_thread_blocked, id=23634, stack(0x00007fd3fdb42000,0x00007fd3fdc43000)]
  0x00007fd43c3ea800 JavaThread "AWT-Shutdown" [_thread_blocked, id=23633, stack(0x00007fd3fdc43000,0x00007fd3fdd44000)]
=>0x00007fd43c318000 JavaThread "AWT-XAWT" daemon [_thread_in_native, id=23632, stack(0x00007fd3fe5e0000,0x00007fd3fe6e1000)]
  0x00007fd43c2f1800 JavaThread "Java2D Disposer" daemon [_thread_blocked, id=23631, stack(0x00007fd3feaf1000,0x00007fd3febf2000)]
  0x00007fd43c15d800 JavaThread "Service Thread" daemon [_thread_blocked, id=23629, stack(0x00007fd424b3c000,0x00007fd424c3d000)]
  0x00007fd43c140800 JavaThread "C1 CompilerThread1" daemon [_thread_blocked, id=23628, stack(0x00007fd424c3e000,0x00007fd424d3e000)]
  0x00007fd43c13d800 JavaThread "C2 CompilerThread0" daemon [_thread_blocked, id=23627, stack(0x00007fd424d3f000,0x00007fd424e3f000)]
  0x00007fd43c13c000 JavaThread "Signal Dispatcher" daemon [_thread_in_vm, id=23626, stack(0x00007fd424e3f000,0x00007fd424f40000)]
  0x00007fd43c108800 JavaThread "Finalizer" daemon [_thread_blocked, id=23625, stack(0x00007fd425a12000,0x00007fd425b13000)]
  0x00007fd43c106000 JavaThread "Reference Handler" daemon [_thread_blocked, id=23624, stack(0x00007fd425b13000,0x00007fd425c14000)]

Other Threads:
  0x00007fd43c0fc000 VMThread [stack: 0x00007fd425c15000,0x00007fd425d15000] [id=23623]
  0x00007fd43c16a800 WatcherThread [stack: 0x00007fd424a3c000,0x00007fd424b3c000] [id=23630]

VM state:not at safepoint (normal execution)

VM Mutex/Monitor currently owned by a thread:  ([mutex/lock_event])
[0x00007fd43c0079b0] Threads_lock - owner thread: 0x00007fd43c13c000

Heap:
 PSYoungGen      total 472064K, used 19438K [0x0000000784600000, 0x00000007a4c80000, 0x00000007c0000000)
  eden space 462848K, 4% used [0x0000000784600000,0x000000078583bbb0,0x00000007a0a00000)
  from space 9216K, 8% used [0x00000007a3a80000,0x00000007a3b40000,0x00000007a4380000)
  to   space 9216K, 0% used [0x00000007a4380000,0x00000007a4380000,0x00000007a4c80000)
 ParOldGen       total 96768K, used 44831K [0x000000070d200000, 0x0000000713080000, 0x0000000784600000)
  object space 96768K, 46% used [0x000000070d200000,0x000000070fdc7f08,0x0000000713080000)
 Metaspace       used 22947K, capacity 23240K, committed 23680K, reserved 1069056K
  class space    used 2964K, capacity 3084K, committed 3200K, reserved 1048576K

Card table byte_map: [0x00007fd44059f000,0x00007fd440b37000] byte_map_base: 0x00007fd43cd36000

Marking Bits: (ParMarkBitMap*) 0x00007fd4432ffd40
 Begin Bits: [0x00007fd42758f000, 0x00007fd42a247000)
 End Bits:   [0x00007fd42a247000, 0x00007fd42ceff000)

Polling page: 0x00007fd443f6f000

CodeCache: size=245760Kb used=19971Kb max_used=20295Kb free=225788Kb
 bounds [0x00007fd42d000000, 0x00007fd42e490000, 0x00007fd43c000000]
 total_blobs=5129 nmethods=4476 adapters=564
 compilation: enabled

Compilation events (10 events):
Event: 978.559 Thread 0x00007fd43c13d800 6512   !   4       sun.awt.X11.XToolkit::notifyListeners (100 bytes)
Event: 978.561 Thread 0x00007fd43c13d800 nmethod 6512 0x00007fd42da54950 code [0x00007fd42da54aa0, 0x00007fd42da54d98]
Event: 1078.590 Thread 0x00007fd43c13d800 6513       4       sun.awt.X11.Native::putLong (29 bytes)
Event: 1078.590 Thread 0x00007fd43c13d800 nmethod 6513 0x00007fd42d2bd5d0 code [0x00007fd42d2bd720, 0x00007fd42d2bd7b8]
Event: 1111.019 Thread 0x00007fd43c140800 6514       3       sun.awt.X11.XWM::getProtocols (26 bytes)
Event: 1111.019 Thread 0x00007fd43c140800 nmethod 6514 0x00007fd42d32df90 code [0x00007fd42d32e140, 0x00007fd42d32e6e8]
Event: 1124.113 Thread 0x00007fd43c140800 6515   !   3       java.awt.Component::hide (181 bytes)
Event: 1124.115 Thread 0x00007fd43c140800 nmethod 6515 0x00007fd42d6ef5d0 code [0x00007fd42d6ef920, 0x00007fd42d6f15d8]
Event: 1961.296 Thread 0x00007fd43c13d800 6516       4       sun.awt.X11.XAtom::hashCode (15 bytes)
Event: 1961.296 Thread 0x00007fd43c13d800 nmethod 6516 0x00007fd42defef50 code [0x00007fd42deff0a0, 0x00007fd42deff118]

GC Heap History (10 events):
Event: 875.975 GC heap before
{Heap before GC invocations=515 (full 8):
 PSYoungGen      total 452608K, used 452608K [0x0000000784600000, 0x00000007a4a80000, 0x00000007c0000000)
  eden space 446976K, 100% used [0x0000000784600000,0x000000079fa80000,0x000000079fa80000)
  from space 5632K, 100% used [0x00000007a0500000,0x00000007a0a80000,0x00000007a0a80000)
  to   space 10752K, 0% used [0x000000079fa80000,0x000000079fa80000,0x00000007a0500000)
 ParOldGen       total 96768K, used 39063K [0x000000070d200000, 0x0000000713080000, 0x0000000784600000)
  object space 96768K, 40% used [0x000000070d200000,0x000000070f825f08,0x0000000713080000)
 Metaspace       used 22845K, capacity 23144K, committed 23552K, reserved 1069056K
  class space    used 2954K, capacity 3052K, committed 3072K, reserved 1048576K
Event: 875.989 GC heap after
Heap after GC invocations=515 (full 8):
 PSYoungGen      total 457728K, used 2624K [0x0000000784600000, 0x00000007a5f00000, 0x00000007c0000000)
  eden space 446976K, 0% used [0x0000000784600000,0x0000000784600000,0x000000079fa80000)
  from space 10752K, 24% used [0x000000079fa80000,0x000000079fd10000,0x00000007a0500000)
  to   space 10240K, 0% used [0x00000007a5500000,0x00000007a5500000,0x00000007a5f00000)
 ParOldGen       total 96768K, used 44191K [0x000000070d200000, 0x0000000713080000, 0x0000000784600000)
  object space 96768K, 45% used [0x000000070d200000,0x000000070fd27f08,0x0000000713080000)
 Metaspace       used 22845K, capacity 23144K, committed 23552K, reserved 1069056K
  class space    used 2954K, capacity 3052K, committed 3072K, reserved 1048576K
}
Event: 877.679 GC heap before
{Heap before GC invocations=516 (full 8):
 PSYoungGen      total 457728K, used 449600K [0x0000000784600000, 0x00000007a5f00000, 0x00000007c0000000)
  eden space 446976K, 100% used [0x0000000784600000,0x000000079fa80000,0x000000079fa80000)
  from space 10752K, 24% used [0x000000079fa80000,0x000000079fd10000,0x00000007a0500000)
  to   space 10240K, 0% used [0x00000007a5500000,0x00000007a5500000,0x00000007a5f00000)
 ParOldGen       total 96768K, used 44191K [0x000000070d200000, 0x0000000713080000, 0x0000000784600000)
  object space 96768K, 45% used [0x000000070d200000,0x000000070fd27f08,0x0000000713080000)
 Metaspace       used 22845K, capacity 23144K, committed 23552K, reserved 1069056K
  class space    used 2954K, capacity 3052K, committed 3072K, reserved 1048576K
Event: 877.686 GC heap after
Heap after GC invocations=516 (full 8):
 PSYoungGen      total 535552K, used 2144K [0x0000000784600000, 0x00000007a5c80000, 0x00000007c0000000)
  eden space 527872K, 0% used [0x0000000784600000,0x0000000784600000,0x00000007a4980000)
  from space 7680K, 27% used [0x00000007a5500000,0x00000007a5718000,0x00000007a5c80000)
  to   space 9728K, 0% used [0x00000007a4980000,0x00000007a4980000,0x00000007a5300000)
 ParOldGen       total 96768K, used 44671K [0x000000070d200000, 0x0000000713080000, 0x0000000784600000)
  object space 96768K, 46% used [0x000000070d200000,0x000000070fd9ff08,0x0000000713080000)
 Metaspace       used 22845K, capacity 23144K, committed 23552K, reserved 1069056K
  class space    used 2954K, capacity 3052K, committed 3072K, reserved 1048576K
}
Event: 880.052 GC heap before
{Heap before GC invocations=517 (full 8):
 PSYoungGen      total 535552K, used 530016K [0x0000000784600000, 0x00000007a5c80000, 0x00000007c0000000)
  eden space 527872K, 100% used [0x0000000784600000,0x00000007a4980000,0x00000007a4980000)
  from space 7680K, 27% used [0x00000007a5500000,0x00000007a5718000,0x00000007a5c80000)
  to   space 9728K, 0% used [0x00000007a4980000,0x00000007a4980000,0x00000007a5300000)
 ParOldGen       total 96768K, used 44671K [0x000000070d200000, 0x0000000713080000, 0x0000000784600000)
  object space 96768K, 46% used [0x000000070d200000,0x000000070fd9ff08,0x0000000713080000)
 Metaspace       used 22846K, capacity 23144K, committed 23552K, reserved 1069056K
  class space    used 2954K, capacity 3052K, committed 3072K, reserved 1048576K
Event: 880.061 GC heap after
Heap after GC invocations=517 (full 8):
 PSYoungGen      total 506368K, used 1440K [0x0000000784600000, 0x00000007a5580000, 0x00000007c0000000)
  eden space 504832K, 0% used [0x0000000784600000,0x0000000784600000,0x00000007a3300000)
  from space 1536K, 93% used [0x00000007a4980000,0x00000007a4ae8000,0x00000007a4b00000)
  to   space 9728K, 0% used [0x00000007a4c00000,0x00000007a4c00000,0x00000007a5580000)
 ParOldGen       total 96768K, used 44695K [0x000000070d200000, 0x0000000713080000, 0x0000000784600000)
  object space 96768K, 46% used [0x000000070d200000,0x000000070fda5f08,0x0000000713080000)
 Metaspace       used 22846K, capacity 23144K, committed 23552K, reserved 1069056K
  class space    used 2954K, capacity 3052K, committed 3072K, reserved 1048576K
}
Event: 881.381 GC heap before
{Heap before GC invocations=518 (full 8):
 PSYoungGen      total 506368K, used 506272K [0x0000000784600000, 0x00000007a5580000, 0x00000007c0000000)
  eden space 504832K, 100% used [0x0000000784600000,0x00000007a3300000,0x00000007a3300000)
  from space 1536K, 93% used [0x00000007a4980000,0x00000007a4ae8000,0x00000007a4b00000)
  to   space 9728K, 0% used [0x00000007a4c00000,0x00000007a4c00000,0x00000007a5580000)
 ParOldGen       total 96768K, used 44695K [0x000000070d200000, 0x0000000713080000, 0x0000000784600000)
  object space 96768K, 46% used [0x000000070d200000,0x000000070fda5f08,0x0000000713080000)
 Metaspace       used 22846K, capacity 23144K, committed 23552K, reserved 1069056K
  class space    used 2954K, capacity 3052K, committed 3072K, reserved 1048576K
Event: 881.385 GC heap after
Heap after GC invocations=518 (full 8):
 PSYoungGen      total 483840K, used 224K [0x0000000784600000, 0x00000007a4c80000, 0x00000007c0000000)
  eden space 483328K, 0% used [0x0000000784600000,0x0000000784600000,0x00000007a1e00000)
  from space 512K, 43% used [0x00000007a4c00000,0x00000007a4c38000,0x00000007a4c80000)
  to   space 9216K, 0% used [0x00000007a3a80000,0x00000007a3a80000,0x00000007a4380000)
 ParOldGen       total 96768K, used 44775K [0x000000070d200000, 0x0000000713080000, 0x0000000784600000)
  object space 96768K, 46% used [0x000000070d200000,0x000000070fdb9f08,0x0000000713080000)
 Metaspace       used 22846K, capacity 23144K, committed 23552K, reserved 1069056K
  class space    used 2954K, capacity 3052K, committed 3072K, reserved 1048576K
}
Event: 883.414 GC heap before
{Heap before GC invocations=519 (full 8):
 PSYoungGen      total 483840K, used 483552K [0x0000000784600000, 0x00000007a4c80000, 0x00000007c0000000)
  eden space 483328K, 100% used [0x0000000784600000,0x00000007a1e00000,0x00000007a1e00000)
  from space 512K, 43% used [0x00000007a4c00000,0x00000007a4c38000,0x00000007a4c80000)
  to   space 9216K, 0% used [0x00000007a3a80000,0x00000007a3a80000,0x00000007a4380000)
 ParOldGen       total 96768K, used 44775K [0x000000070d200000, 0x0000000713080000, 0x0000000784600000)
  object space 96768K, 46% used [0x000000070d200000,0x000000070fdb9f08,0x0000000713080000)
 Metaspace       used 22944K, capacity 23240K, committed 23680K, reserved 1069056K
  class space    used 2963K, capacity 3084K, committed 3200K, reserved 1048576K
Event: 883.420 GC heap after
Heap after GC invocations=519 (full 8):
 PSYoungGen      total 472064K, used 768K [0x0000000784600000, 0x00000007a4c80000, 0x00000007c0000000)
  eden space 462848K, 0% used [0x0000000784600000,0x0000000784600000,0x00000007a0a00000)
  from space 9216K, 8% used [0x00000007a3a80000,0x00000007a3b40000,0x00000007a4380000)
  to   space 9216K, 0% used [0x00000007a4380000,0x00000007a4380000,0x00000007a4c80000)
 ParOldGen       total 96768K, used 44831K [0x000000070d200000, 0x0000000713080000, 0x0000000784600000)
  object space 96768K, 46% used [0x000000070d200000,0x000000070fdc7f08,0x0000000713080000)
 Metaspace       used 22944K, capacity 23240K, committed 23680K, reserved 1069056K
  class space    used 2963K, capacity 3084K, committed 3200K, reserved 1048576K
}

Deoptimization events (10 events):
Event: 882.929 Thread 0x00007fd43c3eb800 Uncommon trap: reason=class_check action=maybe_recompile pc=0x00007fd42e3dbf80 method=java.awt.Component.getInsets_NoClientCode()Ljava/awt/Insets; @ 6
Event: 882.929 Thread 0x00007fd43c3eb800 Uncommon trap: reason=class_check action=maybe_recompile pc=0x00007fd42e218640 method=java.awt.Component.getGraphics_NoClientCode()Ljava/awt/Graphics; @ 110
Event: 882.984 Thread 0x00007fd43c3eb800 Uncommon trap: reason=class_check action=maybe_recompile pc=0x00007fd42e3dbf80 method=java.awt.Component.getInsets_NoClientCode()Ljava/awt/Insets; @ 6
Event: 882.985 Thread 0x00007fd43c3eb800 Uncommon trap: reason=class_check action=maybe_recompile pc=0x00007fd42e218640 method=java.awt.Component.getGraphics_NoClientCode()Ljava/awt/Graphics; @ 110
Event: 883.218 Thread 0x00007fd43c3eb800 Uncommon trap: reason=class_check action=maybe_recompile pc=0x00007fd42e33ac6c method=sun.awt.X11.XGlobalCursorManager.updateGrabbedCursor(Ljava/awt/Cursor;)V @ 5
Event: 883.232 Thread 0x00007fd43c3eb800 Uncommon trap: reason=class_check action=maybe_recompile pc=0x00007fd42e33ac6c method=sun.awt.X11.XGlobalCursorManager.updateGrabbedCursor(Ljava/awt/Cursor;)V @ 5
Event: 883.315 Thread 0x00007fd43c3eb800 Uncommon trap: reason=predicate action=maybe_recompile pc=0x00007fd42d53e00c method=java.util.LinkedList.remove(Ljava/lang/Object;)Z @ 48
Event: 883.414 Thread 0x00007fd3e41dd000 Uncommon trap: reason=null_check action=maybe_recompile pc=0x00007fd42d266520 method=autoroute.BatchAutorouter.autoroute_item(Lboard/Item;ILjava/util/SortedSet;I)Z @ 61
Event: 883.414 Thread 0x00007fd3e41dd000 Uncommon trap: reason=null_check action=maybe_recompile pc=0x00007fd42d266520 method=autoroute.BatchAutorouter.autoroute_item(Lboard/Item;ILjava/util/SortedSet;I)Z @ 61
Event: 883.414 Thread 0x00007fd3e41dd000 Uncommon trap: reason=null_check action=maybe_recompile pc=0x00007fd42d266520 method=autoroute.BatchAutorouter.autoroute_item(Lboard/Item;ILjava/util/SortedSet;I)Z @ 61

Classes redefined (0 events):
No events

Internal exceptions (10 events):
Event: 48.448 Thread 0x00007fd43c3eb800 Exception <a 'java/io/FileNotFoundException'> (0x000000078554e760) thrown at [/HUDSON/workspace/8-2-build-linux-amd64/jdk8u191/11894/hotspot/src/share/vm/prims/jni.cpp, line 709]
Event: 51.890 Thread 0x00007fd43c3eb800 Exception <a 'java/lang/UnsupportedOperationException': > (0x0000000784ba9328) thrown at [/HUDSON/workspace/8-2-build-linux-amd64/jdk8u191/11894/hotspot/src/share/vm/prims/jni.cpp, line 735]
Event: 583.033 Thread 0x00007fd43c3eb800 Exception <a 'java/lang/UnsupportedOperationException': > (0x000000079cce4760) thrown at [/HUDSON/workspace/8-2-build-linux-amd64/jdk8u191/11894/hotspot/src/share/vm/prims/jni.cpp, line 735]
Event: 852.004 Thread 0x00007fd43c3eb800 Exception <a 'java/lang/UnsupportedOperationException': > (0x0000000798387c48) thrown at [/HUDSON/workspace/8-2-build-linux-amd64/jdk8u191/11894/hotspot/src/share/vm/prims/jni.cpp, line 735]
Event: 854.226 Thread 0x00007fd43c3eb800 Exception <a 'java/lang/UnsupportedOperationException': > (0x000000079a7370b8) thrown at [/HUDSON/workspace/8-2-build-linux-amd64/jdk8u191/11894/hotspot/src/share/vm/prims/jni.cpp, line 735]
Event: 882.032 Thread 0x00007fd43c3eb800 Exception <a 'java/lang/UnsupportedOperationException': > (0x000000079050d4b8) thrown at [/HUDSON/workspace/8-2-build-linux-amd64/jdk8u191/11894/hotspot/src/share/vm/prims/jni.cpp, line 735]
Event: 883.414 Thread 0x00007fd3e41dd000 Implicit null exception at 0x00007fd42d264187 to 0x00007fd42d266511
Event: 883.414 Thread 0x00007fd3e41dd000 Implicit null exception at 0x00007fd42d264187 to 0x00007fd42d266511
Event: 883.414 Thread 0x00007fd3e41dd000 Implicit null exception at 0x00007fd42d264187 to 0x00007fd42d266511
Event: 883.463 Thread 0x00007fd3e41dd000 Exception <a 'java/lang/NullPointerException'> (0x00000007849bd110) thrown at [/HUDSON/workspace/8-2-build-linux-amd64/jdk8u191/11894/hotspot/src/share/vm/interpreter/linkResolver.cpp, line 1185]

Events (10 events):
Event: 883.414 Executing VM operation: ParallelGCFailedAllocation
Event: 883.420 Executing VM operation: ParallelGCFailedAllocation done
Event: 883.421 Executing VM operation: RevokeBias
Event: 883.421 Executing VM operation: RevokeBias done
Event: 883.463 Thread 0x00007fd3e41dd000 Thread exited: 0x00007fd3e41dd000
Event: 886.821 Executing VM operation: RevokeBias
Event: 886.821 Executing VM operation: RevokeBias done
Event: 886.821 Thread 0x00007fd3e40a3800 Thread exited: 0x00007fd3e40a3800
Event: 2112.678 loading class sun/misc/Signal$1
Event: 2112.678 loading class sun/misc/Signal$1 done


Dynamic libraries:
00400000-00401000 r-xp 00000000 08:02 1457447                            /usr/lib/jvm/java-8-oracle/jre/bin/java
00600000-00601000 r--p 00000000 08:02 1457447                            /usr/lib/jvm/java-8-oracle/jre/bin/java
00601000-00602000 rw-p 00001000 08:02 1457447                            /usr/lib/jvm/java-8-oracle/jre/bin/java
01292000-012b3000 rw-p 00000000 00:00 0                                  [heap]
70d200000-713080000 rw-p 00000000 00:00 0 
713080000-784600000 ---p 00000000 00:00 0 
784600000-7a4c80000 rw-p 00000000 00:00 0 
7a4c80000-7c0000000 ---p 00000000 00:00 0 
7c0000000-7c0320000 rw-p 00000000 00:00 0 
7c0320000-800000000 ---p 00000000 00:00 0 
7fd3e4000000-7fd3e4213000 rw-p 00000000 00:00 0 
7fd3e4213000-7fd3e8000000 ---p 00000000 00:00 0 
7fd3ec000000-7fd3ec2b6000 rw-p 00000000 00:00 0 
7fd3ec2b6000-7fd3f0000000 ---p 00000000 00:00 0 
7fd3f0000000-7fd3f0021000 rw-p 00000000 00:00 0 
7fd3f0021000-7fd3f4000000 ---p 00000000 00:00 0 
7fd3f4000000-7fd3f4021000 rw-p 00000000 00:00 0 
7fd3f4021000-7fd3f8000000 ---p 00000000 00:00 0 
7fd3f8000000-7fd3f8021000 rw-p 00000000 00:00 0 
7fd3f8021000-7fd3fc000000 ---p 00000000 00:00 0 
7fd3fcb11000-7fd3fcb3b000 r-xp 00000000 08:02 1457546                    /usr/lib/jvm/java-8-oracle/jre/lib/amd64/libdcpr.so
7fd3fcb3b000-7fd3fcd3a000 ---p 0002a000 08:02 1457546                    /usr/lib/jvm/java-8-oracle/jre/lib/amd64/libdcpr.so
7fd3fcd3a000-7fd3fcd3b000 r--p 00029000 08:02 1457546                    /usr/lib/jvm/java-8-oracle/jre/lib/amd64/libdcpr.so
7fd3fcd3b000-7fd3fcd3e000 rw-p 0002a000 08:02 1457546                    /usr/lib/jvm/java-8-oracle/jre/lib/amd64/libdcpr.so
7fd3fcd3e000-7fd3fcf3e000 rw-p 00000000 00:00 0 
7fd3fcf3e000-7fd3fd13e000 rw-p 00000000 00:00 0 
7fd3fd13e000-7fd3fd33e000 rw-p 00000000 00:00 0 
7fd3fd33e000-7fd3fd53e000 rw-p 00000000 00:00 0 
7fd3fd53e000-7fd3fd541000 ---p 00000000 00:00 0 
7fd3fd541000-7fd3fd63f000 rw-p 00000000 00:00 0 
7fd3fd63f000-7fd3fd642000 ---p 00000000 00:00 0 
7fd3fd642000-7fd3fd740000 rw-p 00000000 00:00 0 
7fd3fd740000-7fd3fd743000 ---p 00000000 00:00 0 
7fd3fd743000-7fd3fd841000 rw-p 00000000 00:00 0 
7fd3fd841000-7fd3fd844000 ---p 00000000 00:00 0 
7fd3fd844000-7fd3fdb42000 rw-p 00000000 00:00 0 
7fd3fdb42000-7fd3fdb45000 ---p 00000000 00:00 0 
7fd3fdb45000-7fd3fdc43000 rw-p 00000000 00:00 0 
7fd3fdc43000-7fd3fdc46000 ---p 00000000 00:00 0 
7fd3fdc46000-7fd3fdf44000 rw-p 00000000 00:00 0 
7fd3fdf44000-7fd3fdfb0000 r-xp 00000000 08:02 1457561                    /usr/lib/jvm/java-8-oracle/jre/lib/amd64/libt2k.so
7fd3fdfb0000-7fd3fe1b0000 ---p 0006c000 08:02 1457561                    /usr/lib/jvm/java-8-oracle/jre/lib/amd64/libt2k.so
7fd3fe1b0000-7fd3fe1b6000 r--p 0006c000 08:02 1457561                    /usr/lib/jvm/java-8-oracle/jre/lib/amd64/libt2k.so
7fd3fe1b6000-7fd3fe1b7000 rw-p 00072000 08:02 1457561                    /usr/lib/jvm/java-8-oracle/jre/lib/amd64/libt2k.so
7fd3fe1b7000-7fd3fe1c8000 r-xp 00000000 08:02 1457596                    /usr/lib/jvm/java-8-oracle/jre/lib/amd64/libnio.so
7fd3fe1c8000-7fd3fe3c7000 ---p 00011000 08:02 1457596                    /usr/lib/jvm/java-8-oracle/jre/lib/amd64/libnio.so
7fd3fe3c7000-7fd3fe3c8000 r--p 00010000 08:02 1457596                    /usr/lib/jvm/java-8-oracle/jre/lib/amd64/libnio.so
7fd3fe3c8000-7fd3fe3c9000 rw-p 00011000 08:02 1457596                    /usr/lib/jvm/java-8-oracle/jre/lib/amd64/libnio.so
7fd3fe3c9000-7fd3fe3df000 r-xp 00000000 08:02 1457593                    /usr/lib/jvm/java-8-oracle/jre/lib/amd64/libnet.so
7fd3fe3df000-7fd3fe5de000 ---p 00016000 08:02 1457593                    /usr/lib/jvm/java-8-oracle/jre/lib/amd64/libnet.so
7fd3fe5de000-7fd3fe5df000 r--p 00015000 08:02 1457593                    /usr/lib/jvm/java-8-oracle/jre/lib/amd64/libnet.so
7fd3fe5df000-7fd3fe5e0000 rw-p 00016000 08:02 1457593                    /usr/lib/jvm/java-8-oracle/jre/lib/amd64/libnet.so
7fd3fe5e0000-7fd3fe5e3000 ---p 00000000 00:00 0 
7fd3fe5e3000-7fd3fe6e1000 rw-p 00000000 00:00 0 
7fd3fe6e1000-7fd3fe6e6000 r-xp 00000000 08:02 1188881                    /usr/lib/x86_64-linux-gnu/libXfixes.so.3.1.0
7fd3fe6e6000-7fd3fe8e5000 ---p 00005000 08:02 1188881                    /usr/lib/x86_64-linux-gnu/libXfixes.so.3.1.0
7fd3fe8e5000-7fd3fe8e6000 r--p 00004000 08:02 1188881                    /usr/lib/x86_64-linux-gnu/libXfixes.so.3.1.0
7fd3fe8e6000-7fd3fe8e7000 rw-p 00005000 08:02 1188881                    /usr/lib/x86_64-linux-gnu/libXfixes.so.3.1.0
7fd3fe8e7000-7fd3fe8f0000 r-xp 00000000 08:02 1188873                    /usr/lib/x86_64-linux-gnu/libXcursor.so.1.0.2
7fd3fe8f0000-7fd3feaef000 ---p 00009000 08:02 1188873                    /usr/lib/x86_64-linux-gnu/libXcursor.so.1.0.2
7fd3feaef000-7fd3feaf0000 r--p 00008000 08:02 1188873                    /usr/lib/x86_64-linux-gnu/libXcursor.so.1.0.2
7fd3feaf0000-7fd3feaf1000 rw-p 00009000 08:02 1188873                    /usr/lib/x86_64-linux-gnu/libXcursor.so.1.0.2
7fd3feaf1000-7fd3feaf4000 ---p 00000000 00:00 0 
7fd3feaf4000-7fd3febf2000 rw-p 00000000 00:00 0 
7fd3febf2000-7fd3fec09000 r-xp 00000000 08:02 2364584                    /lib/x86_64-linux-gnu/libgcc_s.so.1
7fd3fec09000-7fd3fee08000 ---p 00017000 08:02 2364584                    /lib/x86_64-linux-gnu/libgcc_s.so.1
7fd3fee08000-7fd3fee09000 r--p 00016000 08:02 2364584                    /lib/x86_64-linux-gnu/libgcc_s.so.1
7fd3fee09000-7fd3fee0a000 rw-p 00017000 08:02 2364584                    /lib/x86_64-linux-gnu/libgcc_s.so.1
7fd3fee0a000-7fd3fee67000 r-xp 00000000 08:02 1457573                    /usr/lib/jvm/java-8-oracle/jre/lib/amd64/libfontmanager.so
7fd3fee67000-7fd3ff067000 ---p 0005d000 08:02 1457573                    /usr/lib/jvm/java-8-oracle/jre/lib/amd64/libfontmanager.so
7fd3ff067000-7fd3ff06a000 r--p 0005d000 08:02 1457573                    /usr/lib/jvm/java-8-oracle/jre/lib/amd64/libfontmanager.so
7fd3ff06a000-7fd3ff06b000 rw-p 00060000 08:02 1457573                    /usr/lib/jvm/java-8-oracle/jre/lib/amd64/libfontmanager.so
7fd3ff06b000-7fd3ff07e000 r-xp 00000000 08:02 2365018                    /lib/x86_64-linux-gnu/libbsd.so.0.8.7
7fd3ff07e000-7fd3ff27d000 ---p 00013000 08:02 2365018                    /lib/x86_64-linux-gnu/libbsd.so.0.8.7
7fd3ff27d000-7fd3ff27e000 r--p 00012000 08:02 2365018                    /lib/x86_64-linux-gnu/libbsd.so.0.8.7
7fd3ff27e000-7fd3ff27f000 rw-p 00013000 08:02 2365018                    /lib/x86_64-linux-gnu/libbsd.so.0.8.7
7fd3ff27f000-7fd3ff280000 rw-p 00000000 00:00 0 
7fd3ff280000-7fd3ff285000 r-xp 00000000 08:02 1188877                    /usr/lib/x86_64-linux-gnu/libXdmcp.so.6.0.0
7fd3ff285000-7fd3ff484000 ---p 00005000 08:02 1188877                    /usr/lib/x86_64-linux-gnu/libXdmcp.so.6.0.0
7fd3ff484000-7fd3ff485000 r--p 00004000 08:02 1188877                    /usr/lib/x86_64-linux-gnu/libXdmcp.so.6.0.0
7fd3ff485000-7fd3ff486000 rw-p 00005000 08:02 1188877                    /usr/lib/x86_64-linux-gnu/libXdmcp.so.6.0.0
7fd3ff486000-7fd3ff488000 r-xp 00000000 08:02 1188866                    /usr/lib/x86_64-linux-gnu/libXau.so.6.0.0
7fd3ff488000-7fd3ff688000 ---p 00002000 08:02 1188866                    /usr/lib/x86_64-linux-gnu/libXau.so.6.0.0
7fd3ff688000-7fd3ff689000 r--p 00002000 08:02 1188866                    /usr/lib/x86_64-linux-gnu/libXau.so.6.0.0
7fd3ff689000-7fd3ff68a000 rw-p 00003000 08:02 1188866                    /usr/lib/x86_64-linux-gnu/libXau.so.6.0.0
7fd3ff68a000-7fd3ff6b0000 r-xp 00000000 08:02 1190031                    /usr/lib/x86_64-linux-gnu/libxcb.so.1.1.0
7fd3ff6b0000-7fd3ff8b0000 ---p 00026000 08:02 1190031                    /usr/lib/x86_64-linux-gnu/libxcb.so.1.1.0
7fd3ff8b0000-7fd3ff8b1000 r--p 00026000 08:02 1190031                    /usr/lib/x86_64-linux-gnu/libxcb.so.1.1.0
7fd3ff8b1000-7fd3ff8b2000 rw-p 00027000 08:02 1190031                    /usr/lib/x86_64-linux-gnu/libxcb.so.1.1.0
7fd3ff8b2000-7fd3ff8c1000 r-xp 00000000 08:02 1188887                    /usr/lib/x86_64-linux-gnu/libXi.so.6.1.0
7fd3ff8c1000-7fd3ffac0000 ---p 0000f000 08:02 1188887                    /usr/lib/x86_64-linux-gnu/libXi.so.6.1.0
7fd3ffac0000-7fd3ffac1000 r--p 0000e000 08:02 1188887                    /usr/lib/x86_64-linux-gnu/libXi.so.6.1.0
7fd3ffac1000-7fd3ffac2000 rw-p 0000f000 08:02 1188887                    /usr/lib/x86_64-linux-gnu/libXi.so.6.1.0
7fd3ffac2000-7fd3ffac7000 r-xp 00000000 08:02 1188905                    /usr/lib/x86_64-linux-gnu/libXtst.so.6.1.0
7fd3ffac7000-7fd3ffcc6000 ---p 00005000 08:02 1188905                    /usr/lib/x86_64-linux-gnu/libXtst.so.6.1.0
7fd3ffcc6000-7fd3ffcc7000 r--p 00004000 08:02 1188905                    /usr/lib/x86_64-linux-gnu/libXtst.so.6.1.0
7fd3ffcc7000-7fd3ffcc8000 rw-p 00005000 08:02 1188905                    /usr/lib/x86_64-linux-gnu/libXtst.so.6.1.0
7fd3ffcc8000-7fd3ffdfb000 r-xp 00000000 08:02 1181041                    /usr/lib/x86_64-linux-gnu/libX11.so.6.3.0
7fd3ffdfb000-7fd3ffffb000 ---p 00133000 08:02 1181041                    /usr/lib/x86_64-linux-gnu/libX11.so.6.3.0
7fd3ffffb000-7fd3ffffc000 r--p 00133000 08:02 1181041                    /usr/lib/x86_64-linux-gnu/libX11.so.6.3.0
7fd3ffffc000-7fd400000000 rw-p 00134000 08:02 1181041                    /usr/lib/x86_64-linux-gnu/libX11.so.6.3.0
7fd400000000-7fd400912000 rw-p 00000000 00:00 0 
7fd400912000-7fd404000000 ---p 00000000 00:00 0 
7fd404000000-7fd404021000 rw-p 00000000 00:00 0 
7fd404021000-7fd408000000 ---p 00000000 00:00 0 
7fd408000000-7fd408021000 rw-p 00000000 00:00 0 
7fd408021000-7fd40c000000 ---p 00000000 00:00 0 
7fd40c000000-7fd40f3dd000 rw-p 00000000 00:00 0 
7fd40f3dd000-7fd410000000 ---p 00000000 00:00 0 
7fd410000000-7fd410021000 rw-p 00000000 00:00 0 
7fd410021000-7fd414000000 ---p 00000000 00:00 0 
7fd414000000-7fd414021000 rw-p 00000000 00:00 0 
7fd414021000-7fd418000000 ---p 00000000 00:00 0 
7fd418000000-7fd41802a000 rw-p 00000000 00:00 0 
7fd41802a000-7fd41c000000 ---p 00000000 00:00 0 
7fd41c000000-7fd41c0da000 rw-p 00000000 00:00 0 
7fd41c0da000-7fd420000000 ---p 00000000 00:00 0 
7fd420000000-7fd420021000 rw-p 00000000 00:00 0 
7fd420021000-7fd424000000 ---p 00000000 00:00 0 
7fd42408f000-7fd424098000 r-xp 00000000 08:02 1188899                    /usr/lib/x86_64-linux-gnu/libXrender.so.1.3.0
7fd424098000-7fd424297000 ---p 00009000 08:02 1188899                    /usr/lib/x86_64-linux-gnu/libXrender.so.1.3.0
7fd424297000-7fd424298000 r--p 00008000 08:02 1188899                    /usr/lib/x86_64-linux-gnu/libXrender.so.1.3.0
7fd424298000-7fd424299000 rw-p 00009000 08:02 1188899                    /usr/lib/x86_64-linux-gnu/libXrender.so.1.3.0
7fd424299000-7fd4242aa000 r-xp 00000000 08:02 1188879                    /usr/lib/x86_64-linux-gnu/libXext.so.6.4.0
7fd4242aa000-7fd4244a9000 ---p 00011000 08:02 1188879                    /usr/lib/x86_64-linux-gnu/libXext.so.6.4.0
7fd4244a9000-7fd4244aa000 r--p 00010000 08:02 1188879                    /usr/lib/x86_64-linux-gnu/libXext.so.6.4.0
7fd4244aa000-7fd4244ab000 rw-p 00011000 08:02 1188879                    /usr/lib/x86_64-linux-gnu/libXext.so.6.4.0
7fd4244e0000-7fd424533000 r-xp 00000000 08:02 1457600                    /usr/lib/jvm/java-8-oracle/jre/lib/amd64/libawt_xawt.so
7fd424533000-7fd424732000 ---p 00053000 08:02 1457600                    /usr/lib/jvm/java-8-oracle/jre/lib/amd64/libawt_xawt.so
7fd424732000-7fd424733000 r--p 00052000 08:02 1457600                    /usr/lib/jvm/java-8-oracle/jre/lib/amd64/libawt_xawt.so
7fd424733000-7fd424736000 rw-p 00053000 08:02 1457600                    /usr/lib/jvm/java-8-oracle/jre/lib/amd64/libawt_xawt.so
7fd424736000-7fd424737000 rw-p 00000000 00:00 0 
7fd424737000-7fd4247d6000 r-xp 00000000 08:02 1457586                    /usr/lib/jvm/java-8-oracle/jre/lib/amd64/libawt.so
7fd4247d6000-7fd4249d6000 ---p 0009f000 08:02 1457586                    /usr/lib/jvm/java-8-oracle/jre/lib/amd64/libawt.so
7fd4249d6000-7fd4249d7000 r--p 0009f000 08:02 1457586                    /usr/lib/jvm/java-8-oracle/jre/lib/amd64/libawt.so
7fd4249d7000-7fd4249e2000 rw-p 000a0000 08:02 1457586                    /usr/lib/jvm/java-8-oracle/jre/lib/amd64/libawt.so
7fd4249e2000-7fd424a07000 rw-p 00000000 00:00 0 
7fd424a07000-7fd424a3b000 r--s 00375000 08:05 6032326                    /home/logic/_workspace/kicad/_tools/freerouting/binaries/FreeRouting.jar
7fd424a3b000-7fd424a3c000 ---p 00000000 00:00 0 
7fd424a3c000-7fd424b3c000 rw-p 00000000 00:00 0 
7fd424b3c000-7fd424b3f000 ---p 00000000 00:00 0 
7fd424b3f000-7fd424c3d000 rw-p 00000000 00:00 0 
7fd424c3d000-7fd424c3e000 ---p 00000000 00:00 0 
7fd424c3e000-7fd424c41000 ---p 00000000 00:00 0 
7fd424c41000-7fd424d3e000 rw-p 00000000 00:00 0 
7fd424d3e000-7fd424d3f000 ---p 00000000 00:00 0 
7fd424d3f000-7fd424d42000 ---p 00000000 00:00 0 
7fd424d42000-7fd424e3f000 rw-p 00000000 00:00 0 
7fd424e3f000-7fd424e42000 ---p 00000000 00:00 0 
7fd424e42000-7fd424f40000 rw-p 00000000 00:00 0 
7fd424f40000-7fd425a12000 r--p 00000000 08:02 1186394                    /usr/lib/locale/locale-archive
7fd425a12000-7fd425a15000 ---p 00000000 00:00 0 
7fd425a15000-7fd425b13000 rw-p 00000000 00:00 0 
7fd425b13000-7fd425b16000 ---p 00000000 00:00 0 
7fd425b16000-7fd425c14000 rw-p 00000000 00:00 0 
7fd425c14000-7fd425c15000 ---p 00000000 00:00 0 
7fd425c15000-7fd42661e000 rw-p 00000000 00:00 0 
7fd42661e000-7fd4267f8000 r--s 03d6c000 08:02 1457527                    /usr/lib/jvm/java-8-oracle/jre/lib/rt.jar
7fd4267f8000-7fd42ceff000 rw-p 00000000 00:00 0 
7fd42ceff000-7fd42cf00000 ---p 00000000 00:00 0 
7fd42cf00000-7fd42d000000 rw-p 00000000 00:00 0 
7fd42d000000-7fd42e490000 rwxp 00000000 00:00 0 
7fd42e490000-7fd43c000000 ---p 00000000 00:00 0 
7fd43c000000-7fd43c5dd000 rw-p 00000000 00:00 0 
7fd43c5dd000-7fd440000000 ---p 00000000 00:00 0 
7fd44001f000-7fd4400e4000 rw-p 00000000 00:00 0 
7fd4400e4000-7fd4400e5000 ---p 00000000 00:00 0 
7fd4400e5000-7fd440215000 rw-p 00000000 00:00 0 
7fd440215000-7fd44059f000 ---p 00000000 00:00 0 
7fd44059f000-7fd4405cf000 rw-p 00000000 00:00 0 
7fd4405cf000-7fd440959000 ---p 00000000 00:00 0 
7fd440959000-7fd440a5d000 rw-p 00000000 00:00 0 
7fd440a5d000-7fd440b36000 ---p 00000000 00:00 0 
7fd440b36000-7fd440b8a000 rw-p 00000000 00:00 0 
7fd440b8a000-7fd440ef7000 ---p 00000000 00:00 0 
7fd440ef7000-7fd440f11000 r-xp 00000000 08:02 1457589                    /usr/lib/jvm/java-8-oracle/jre/lib/amd64/libzip.so
7fd440f11000-7fd441111000 ---p 0001a000 08:02 1457589                    /usr/lib/jvm/java-8-oracle/jre/lib/amd64/libzip.so
7fd441111000-7fd441112000 r--p 0001a000 08:02 1457589                    /usr/lib/jvm/java-8-oracle/jre/lib/amd64/libzip.so
7fd441112000-7fd441113000 rw-p 0001b000 08:02 1457589                    /usr/lib/jvm/java-8-oracle/jre/lib/amd64/libzip.so
7fd441113000-7fd44111e000 r-xp 00000000 08:02 2365112                    /lib/x86_64-linux-gnu/libnss_files-2.27.so
7fd44111e000-7fd44131d000 ---p 0000b000 08:02 2365112                    /lib/x86_64-linux-gnu/libnss_files-2.27.so
7fd44131d000-7fd44131e000 r--p 0000a000 08:02 2365112                    /lib/x86_64-linux-gnu/libnss_files-2.27.so
7fd44131e000-7fd44131f000 rw-p 0000b000 08:02 2365112                    /lib/x86_64-linux-gnu/libnss_files-2.27.so
7fd44131f000-7fd441325000 rw-p 00000000 00:00 0 
7fd441325000-7fd44133c000 r-xp 00000000 08:02 2365106                    /lib/x86_64-linux-gnu/libnsl-2.27.so
7fd44133c000-7fd44153b000 ---p 00017000 08:02 2365106                    /lib/x86_64-linux-gnu/libnsl-2.27.so
7fd44153b000-7fd44153c000 r--p 00016000 08:02 2365106                    /lib/x86_64-linux-gnu/libnsl-2.27.so
7fd44153c000-7fd44153d000 rw-p 00017000 08:02 2365106                    /lib/x86_64-linux-gnu/libnsl-2.27.so
7fd44153d000-7fd44153f000 rw-p 00000000 00:00 0 
7fd44153f000-7fd44154a000 r-xp 00000000 08:02 2365123                    /lib/x86_64-linux-gnu/libnss_nis-2.27.so
7fd44154a000-7fd441749000 ---p 0000b000 08:02 2365123                    /lib/x86_64-linux-gnu/libnss_nis-2.27.so
7fd441749000-7fd44174a000 r--p 0000a000 08:02 2365123                    /lib/x86_64-linux-gnu/libnss_nis-2.27.so
7fd44174a000-7fd44174b000 rw-p 0000b000 08:02 2365123                    /lib/x86_64-linux-gnu/libnss_nis-2.27.so
7fd44174b000-7fd441753000 r-xp 00000000 08:02 2365108                    /lib/x86_64-linux-gnu/libnss_compat-2.27.so
7fd441753000-7fd441953000 ---p 00008000 08:02 2365108                    /lib/x86_64-linux-gnu/libnss_compat-2.27.so
7fd441953000-7fd441954000 r--p 00008000 08:02 2365108                    /lib/x86_64-linux-gnu/libnss_compat-2.27.so
7fd441954000-7fd441955000 rw-p 00009000 08:02 2365108                    /lib/x86_64-linux-gnu/libnss_compat-2.27.so
7fd441955000-7fd441982000 r-xp 00000000 08:02 1457583                    /usr/lib/jvm/java-8-oracle/jre/lib/amd64/libjava.so
7fd441982000-7fd441b81000 ---p 0002d000 08:02 1457583                    /usr/lib/jvm/java-8-oracle/jre/lib/amd64/libjava.so
7fd441b81000-7fd441b82000 r--p 0002c000 08:02 1457583                    /usr/lib/jvm/java-8-oracle/jre/lib/amd64/libjava.so
7fd441b82000-7fd441b84000 rw-p 0002d000 08:02 1457583                    /usr/lib/jvm/java-8-oracle/jre/lib/amd64/libjava.so
7fd441b84000-7fd441b91000 r-xp 00000000 08:02 1457588                    /usr/lib/jvm/java-8-oracle/jre/lib/amd64/libverify.so
7fd441b91000-7fd441d90000 ---p 0000d000 08:02 1457588                    /usr/lib/jvm/java-8-oracle/jre/lib/amd64/libverify.so
7fd441d90000-7fd441d92000 r--p 0000c000 08:02 1457588                    /usr/lib/jvm/java-8-oracle/jre/lib/amd64/libverify.so
7fd441d92000-7fd441d93000 rw-p 0000e000 08:02 1457588                    /usr/lib/jvm/java-8-oracle/jre/lib/amd64/libverify.so
7fd441d93000-7fd441d9a000 r-xp 00000000 08:02 2365163                    /lib/x86_64-linux-gnu/librt-2.27.so
7fd441d9a000-7fd441f99000 ---p 00007000 08:02 2365163                    /lib/x86_64-linux-gnu/librt-2.27.so
7fd441f99000-7fd441f9a000 r--p 00006000 08:02 2365163                    /lib/x86_64-linux-gnu/librt-2.27.so
7fd441f9a000-7fd441f9b000 rw-p 00007000 08:02 2365163                    /lib/x86_64-linux-gnu/librt-2.27.so
7fd441f9b000-7fd442138000 r-xp 00000000 08:02 2365085                    /lib/x86_64-linux-gnu/libm-2.27.so
7fd442138000-7fd442337000 ---p 0019d000 08:02 2365085                    /lib/x86_64-linux-gnu/libm-2.27.so
7fd442337000-7fd442338000 r--p 0019c000 08:02 2365085                    /lib/x86_64-linux-gnu/libm-2.27.so
7fd442338000-7fd442339000 rw-p 0019d000 08:02 2365085                    /lib/x86_64-linux-gnu/libm-2.27.so
7fd442339000-7fd44301b000 r-xp 00000000 08:02 1842601                    /usr/lib/jvm/java-8-oracle/jre/lib/amd64/server/libjvm.so
7fd44301b000-7fd44321b000 ---p 00ce2000 08:02 1842601                    /usr/lib/jvm/java-8-oracle/jre/lib/amd64/server/libjvm.so
7fd44321b000-7fd4432b1000 r--p 00ce2000 08:02 1842601                    /usr/lib/jvm/java-8-oracle/jre/lib/amd64/server/libjvm.so
7fd4432b1000-7fd4432e2000 rw-p 00d78000 08:02 1842601                    /usr/lib/jvm/java-8-oracle/jre/lib/amd64/server/libjvm.so
7fd4432e2000-7fd44331d000 rw-p 00000000 00:00 0 
7fd44331d000-7fd443504000 r-xp 00000000 08:02 2365022                    /lib/x86_64-linux-gnu/libc-2.27.so
7fd443504000-7fd443704000 ---p 001e7000 08:02 2365022                    /lib/x86_64-linux-gnu/libc-2.27.so
7fd443704000-7fd443708000 r--p 001e7000 08:02 2365022                    /lib/x86_64-linux-gnu/libc-2.27.so
7fd443708000-7fd44370a000 rw-p 001eb000 08:02 2365022                    /lib/x86_64-linux-gnu/libc-2.27.so
7fd44370a000-7fd44370e000 rw-p 00000000 00:00 0 
7fd44370e000-7fd443711000 r-xp 00000000 08:02 2365045                    /lib/x86_64-linux-gnu/libdl-2.27.so
7fd443711000-7fd443910000 ---p 00003000 08:02 2365045                    /lib/x86_64-linux-gnu/libdl-2.27.so
7fd443910000-7fd443911000 r--p 00002000 08:02 2365045                    /lib/x86_64-linux-gnu/libdl-2.27.so
7fd443911000-7fd443912000 rw-p 00003000 08:02 2365045                    /lib/x86_64-linux-gnu/libdl-2.27.so
7fd443912000-7fd443929000 r-xp 00000000 08:02 1842597                    /usr/lib/jvm/java-8-oracle/jre/lib/amd64/jli/libjli.so
7fd443929000-7fd443b28000 ---p 00017000 08:02 1842597                    /usr/lib/jvm/java-8-oracle/jre/lib/amd64/jli/libjli.so
7fd443b28000-7fd443b29000 r--p 00016000 08:02 1842597                    /usr/lib/jvm/java-8-oracle/jre/lib/amd64/jli/libjli.so
7fd443b29000-7fd443b2a000 rw-p 00017000 08:02 1842597                    /usr/lib/jvm/java-8-oracle/jre/lib/amd64/jli/libjli.so
7fd443b2a000-7fd443b44000 r-xp 00000000 08:02 2365155                    /lib/x86_64-linux-gnu/libpthread-2.27.so
7fd443b44000-7fd443d43000 ---p 0001a000 08:02 2365155                    /lib/x86_64-linux-gnu/libpthread-2.27.so
7fd443d43000-7fd443d44000 r--p 00019000 08:02 2365155                    /lib/x86_64-linux-gnu/libpthread-2.27.so
7fd443d44000-7fd443d45000 rw-p 0001a000 08:02 2365155                    /lib/x86_64-linux-gnu/libpthread-2.27.so
7fd443d45000-7fd443d49000 rw-p 00000000 00:00 0 
7fd443d49000-7fd443d70000 r-xp 00000000 08:02 2364994                    /lib/x86_64-linux-gnu/ld-2.27.so
7fd443da3000-7fd443e36000 rw-p 00000000 00:00 0 
7fd443e36000-7fd443e37000 ---p 00000000 00:00 0 
7fd443e37000-7fd443e3a000 ---p 00000000 00:00 0 
7fd443e3a000-7fd443f3b000 rw-p 00000000 00:00 0 
7fd443f4f000-7fd443f53000 rw-s 00000000 00:05 35127330                   /SYSV00000000 (deleted)
7fd443f53000-7fd443f66000 r--s 00345000 08:02 1457536                    /usr/lib/jvm/java-8-oracle/jre/lib/resources.jar
7fd443f66000-7fd443f6e000 rw-s 00000000 08:02 1048765                    /tmp/hsperfdata_logic/23619
7fd443f6e000-7fd443f6f000 rw-p 00000000 00:00 0 
7fd443f6f000-7fd443f70000 r--p 00000000 00:00 0 
7fd443f70000-7fd443f71000 r--p 00027000 08:02 2364994                    /lib/x86_64-linux-gnu/ld-2.27.so
7fd443f71000-7fd443f72000 rw-p 00028000 08:02 2364994                    /lib/x86_64-linux-gnu/ld-2.27.so
7fd443f72000-7fd443f73000 rw-p 00000000 00:00 0 
7fff2c9cd000-7fff2c9ef000 rw-p 00000000 00:00 0                          [stack]
7fff2c9f0000-7fff2c9f3000 r--p 00000000 00:00 0                          [vvar]
7fff2c9f3000-7fff2c9f5000 r-xp 00000000 00:00 0                          [vdso]
ffffffffff600000-ffffffffff601000 r-xp 00000000 00:00 0                  [vsyscall]

VM Arguments:
java_command: /home/logic/_workspace/kicad/_tools/freerouting/binaries/FreeRouting.jar
java_class_path (initial): /home/logic/_workspace/kicad/_tools/freerouting/binaries/FreeRouting.jar
Launcher Type: SUN_STANDARD

Environment Variables:
JAVA_HOME=/usr/lib/jvm/java-8-oracle
PATH=/usr/local/sbin:/usr/local/bin:/usr/sbin:/usr/bin:/sbin:/bin:/usr/games:/usr/local/games:/snap/bin:/usr/lib/jvm/java-8-oracle/bin:/usr/lib/jvm/java-8-oracle/db/bin:/usr/lib/jvm/java-8-oracle/jre/bin
USERNAME=logic
SHELL=/usr/bin/zsh
DISPLAY=:0

Signal Handlers:
SIGSEGV: [libjvm.so+0xaced60], sa_mask[0]=11111111011111111101111111111110, sa_flags=SA_RESTART|SA_SIGINFO
SIGBUS: [libjvm.so+0xaced60], sa_mask[0]=11111111011111111101111111111110, sa_flags=SA_RESTART|SA_SIGINFO
SIGFPE: [libjvm.so+0x907ca0], sa_mask[0]=11111111011111111101111111111110, sa_flags=SA_RESTART|SA_SIGINFO
SIGPIPE: [libjvm.so+0x907ca0], sa_mask[0]=11111111011111111101111111111110, sa_flags=SA_RESTART|SA_SIGINFO
SIGXFSZ: [libjvm.so+0x907ca0], sa_mask[0]=11111111011111111101111111111110, sa_flags=SA_RESTART|SA_SIGINFO
SIGILL: [libjvm.so+0x907ca0], sa_mask[0]=11111111011111111101111111111110, sa_flags=SA_RESTART|SA_SIGINFO
SIGUSR1: SIG_DFL, sa_mask[0]=00000000000000000000000000000000, sa_flags=none
SIGUSR2: [libjvm.so+0x907b70], sa_mask[0]=00000000000000000000000000000000, sa_flags=SA_RESTART|SA_SIGINFO
SIGHUP: [libjvm.so+0x908190], sa_mask[0]=11111111011111111101111111111110, sa_flags=SA_RESTART|SA_SIGINFO
SIGINT: [libjvm.so+0x908190], sa_mask[0]=11111111011111111101111111111110, sa_flags=SA_RESTART|SA_SIGINFO
SIGTERM: [libjvm.so+0x908190], sa_mask[0]=11111111011111111101111111111110, sa_flags=SA_RESTART|SA_SIGINFO
SIGQUIT: [libjvm.so+0x908190], sa_mask[0]=11111111011111111101111111111110, sa_flags=SA_RESTART|SA_SIGINFO


---------------  S Y S T E M  ---------------

OS:DISTRIB_ID=Ubuntu
DISTRIB_RELEASE=18.04
DISTRIB_CODENAME=bionic
DISTRIB_DESCRIPTION="Ubuntu 18.04.1 LTS"

uname:Linux 4.15.0-42-generic #45-Ubuntu SMP Thu Nov 15 19:32:57 UTC 2018 x86_64
libc:glibc 2.27 NPTL 2.27 
rlimit: STACK 8192k, CORE 0k, NPROC 45532, NOFILE 4096, AS infinity
load average:1.48 1.50 1.74

/proc/meminfo:
MemTotal:       11719276 kB
MemFree:         3310852 kB
MemAvailable:    5837548 kB
Buffers:         1055268 kB
Cached:          2997724 kB
SwapCached:         4656 kB
Active:          6105024 kB
Inactive:        1937612 kB
Active(anon):    3992776 kB
Inactive(anon):  1356188 kB
Active(file):    2112248 kB
Inactive(file):   581424 kB
Unevictable:         132 kB
Mlocked:              84 kB
SwapTotal:       7812092 kB
SwapFree:        7750652 kB
Dirty:              2800 kB
Writeback:             0 kB
AnonPages:       3884336 kB
Mapped:          1221988 kB
Shmem:           1359360 kB
Slab:             224424 kB
SReclaimable:     137144 kB
SUnreclaim:        87280 kB
KernelStack:        7952 kB
PageTables:        55684 kB
NFS_Unstable:          0 kB
Bounce:                0 kB
WritebackTmp:          0 kB
CommitLimit:    13671728 kB
Committed_AS:   13030584 kB
VmallocTotal:   34359738367 kB
VmallocUsed:           0 kB
VmallocChunk:          0 kB
HardwareCorrupted:     0 kB
AnonHugePages:         0 kB
ShmemHugePages:        0 kB
ShmemPmdMapped:        0 kB
CmaTotal:              0 kB
CmaFree:               0 kB
HugePages_Total:       0
HugePages_Free:        0
HugePages_Rsvd:        0
HugePages_Surp:        0
Hugepagesize:       2048 kB
DirectMap4k:      830636 kB
DirectMap2M:    11165696 kB
DirectMap1G:     1048576 kB

container (cgroup) information:
container_type: cgroupv1
cpu_cpuset_cpus: 0-1
cpu_memory_nodes: 0
active_processor_count: 2
cpu_quota: -1
cpu_period: 100000
cpu_shares: -1
memory_limit_in_bytes: -1
memory_and_swap_limit_in_bytes: -2
memory_soft_limit_in_bytes: -1
memory_usage_in_bytes: 6638391296
memory_max_usage_in_bytes: 11152257024


CPU:total 2 (initial active 2) (2 cores per cpu, 1 threads per core) family 6 model 60 stepping 3, cmov, cx8, fxsr, mmx, sse, sse2, sse3, ssse3, sse4.1, sse4.2, popcnt, clmul, erms, lzcnt, tsc, tscinvbit

/proc/cpuinfo:
processor	: 0
vendor_id	: GenuineIntel
cpu family	: 6
model		: 60
model name	: Intel(R) Celeron(R) CPU G1830 @ 2.80GHz
stepping	: 3
microcode	: 0x25
cpu MHz		: 2793.599
cache size	: 2048 KB
physical id	: 0
siblings	: 2
core id		: 0
cpu cores	: 2
apicid		: 0
initial apicid	: 0
fpu		: yes
fpu_exception	: yes
cpuid level	: 13
wp		: yes
flags		: fpu vme de pse tsc msr pae mce cx8 apic sep mtrr pge mca cmov pat pse36 clflush dts acpi mmx fxsr sse sse2 ss ht tm pbe syscall nx pdpe1gb rdtscp lm constant_tsc arch_perfmon pebs bts rep_good nopl xtopology nonstop_tsc cpuid aperfmperf pni pclmulqdq dtes64 monitor ds_cpl vmx est tm2 ssse3 sdbg cx16 xtpr pdcm pcid sse4_1 sse4_2 movbe popcnt tsc_deadline_timer xsave rdrand lahf_lm abm cpuid_fault epb invpcid_single pti ssbd ibrs ibpb stibp tpr_shadow vnmi flexpriority ept vpid fsgsbase tsc_adjust erms invpcid xsaveopt dtherm arat pln pts flush_l1d
bugs		: cpu_meltdown spectre_v1 spectre_v2 spec_store_bypass l1tf
bogomips	: 5587.20
clflush size	: 64
cache_alignment	: 64
address sizes	: 39 bits physical, 48 bits virtual
power management:

processor	: 1
vendor_id	: GenuineIntel
cpu family	: 6
model		: 60
model name	: Intel(R) Celeron(R) CPU G1830 @ 2.80GHz
stepping	: 3
microcode	: 0x25
cpu MHz		: 2793.600
cache size	: 2048 KB
physical id	: 0
siblings	: 2
core id		: 1
cpu cores	: 2
apicid		: 2
initial apicid	: 2
fpu		: yes
fpu_exception	: yes
cpuid level	: 13
wp		: yes
flags		: fpu vme de pse tsc msr pae mce cx8 apic sep mtrr pge mca cmov pat pse36 clflush dts acpi mmx fxsr sse sse2 ss ht tm pbe syscall nx pdpe1gb rdtscp lm constant_tsc arch_perfmon pebs bts rep_good nopl xtopology nonstop_tsc cpuid aperfmperf pni pclmulqdq dtes64 monitor ds_cpl vmx est tm2 ssse3 sdbg cx16 xtpr pdcm pcid sse4_1 sse4_2 movbe popcnt tsc_deadline_timer xsave rdrand lahf_lm abm cpuid_fault epb invpcid_single pti ssbd ibrs ibpb stibp tpr_shadow vnmi flexpriority ept vpid fsgsbase tsc_adjust erms invpcid xsaveopt dtherm arat pln pts flush_l1d
bugs		: cpu_meltdown spectre_v1 spectre_v2 spec_store_bypass l1tf
bogomips	: 5587.20
clflush size	: 64
cache_alignment	: 64
address sizes	: 39 bits physical, 48 bits virtual
power management:



Memory: 4k page, physical 11719276k(3891076k free), swap 7812092k(7750908k free)

vm_info: Java HotSpot(TM) 64-Bit Server VM (25.191-b12) for linux-amd64 JRE (1.8.0_191-b12), built on Oct  6 2018 05:43:09 by "java_re" with gcc 7.3.0

time: Tue Dec 18 15:32:45 2018
elapsed time: 2113 seconds (0d 0h 35m 13s)

